=== INICIO Mon Mar  9 10:37:34 AM UTC 2026 ===
Haciendo backup de package.json y stash de trabajo...
'package.json' -> 'package.json.bak'
Saved working directory and index state On main: auto-backup before unified script Mon Mar  9 10:37:34 AM UTC 2026
Rama actual: main
Estado git (porcelain):
?? .firebase/
?? package.json.bak
?? unified_run.log
Resumen diff:
Limpiando node_modules y lockfiles...
Instalando dependencias...
npm error code EUSAGE
npm error
npm error The `npm ci` command can only install with an existing package-lock.json or
npm error npm-shrinkwrap.json with lockfileVersion >= 1. Run an install with npm@5 or
npm error later to generate a package-lock.json file, then try again.
npm error
npm error Clean install a project
npm error
npm error Usage:
npm error npm ci
npm error
npm error Options:
npm error [--install-strategy <hoisted|nested|shallow|linked>] [--legacy-bundling]
npm error [--global-style] [--omit <dev|optional|peer> [--omit <dev|optional|peer> ...]]
npm error [--include <prod|dev|optional|peer> [--include <prod|dev|optional|peer> ...]]
npm error [--strict-peer-deps] [--foreground-scripts] [--ignore-scripts] [--no-audit]
npm error [--no-bin-links] [--no-fund] [--dry-run]
npm error [-w|--workspace <workspace-name> [-w|--workspace <workspace-name> ...]]
npm error [-ws|--workspaces] [--include-workspace-root] [--install-links]
npm error
npm error aliases: clean-install, ic, install-clean, isntall-clean
npm error
npm error Run "npm help ci" for more info
npm error A complete log of this run can be found in: /home/user/.npm/_logs/2026-03-09T10_37_35_115Z-debug-0.log
npm warn EBADENGINE Unsupported engine {
npm warn EBADENGINE   package: '@vitejs/plugin-react@5.1.4',
npm warn EBADENGINE   required: { node: '^20.19.0 || >=22.12.0' },
npm warn EBADENGINE   current: { node: 'v20.18.1', npm: '10.8.2' }
npm warn EBADENGINE }
npm warn deprecated prebuild-install@7.1.3: No longer maintained. Please contact the author of the relevant native addon; alternatives are available.
npm warn deprecated node-domexception@1.0.0: Use your platform's native DOMException instead
npm warn deprecated glob@10.5.0: Old versions of glob are not supported, and contain widely publicized security vulnerabilities, which have been fixed in the current version. Please update. Support for old versions may be purchased (at exorbitant rates) by contacting i@izs.me

added 416 packages, and audited 417 packages in 16s

71 packages are looking for funding
  run `npm fund` for details

10 low severity vulnerabilities

To address all issues (including breaking changes), run:
  npm audit fix --force

Run `npm audit` for details.
Ejecutando lint...

> react-example@0.0.0 lint
> tsc --noEmit

No hay tests, se omite.
Construyendo proyecto...

> react-example@0.0.0 build
> vite build

NODE_ENV=production is not supported in the .env file. Only NODE_ENV=development is supported to create a development build of your project. If you need to set process.env.NODE_ENV, you can set it in the Vite config instead.
vite v6.4.1 building for production...
transforming...
node_modules/framer-motion/dist/es/components/AnimatePresence/PopChild.mjs (1:0): Module level directives cause errors when bundled, "use client" in "node_modules/framer-motion/dist/es/components/AnimatePresence/PopChild.mjs" was ignored.
node_modules/framer-motion/dist/es/components/AnimatePresence/PresenceChild.mjs (1:0): Module level directives cause errors when bundled, "use client" in "node_modules/framer-motion/dist/es/components/AnimatePresence/PresenceChild.mjs" was ignored.
node_modules/framer-motion/dist/es/components/LayoutGroup/index.mjs (1:0): Module level directives cause errors when bundled, "use client" in "node_modules/framer-motion/dist/es/components/LayoutGroup/index.mjs" was ignored.
node_modules/framer-motion/dist/es/components/LazyMotion/index.mjs (1:0): Module level directives cause errors when bundled, "use client" in "node_modules/framer-motion/dist/es/components/LazyMotion/index.mjs" was ignored.
node_modules/framer-motion/dist/es/components/MotionConfig/index.mjs (1:0): Module level directives cause errors when bundled, "use client" in "node_modules/framer-motion/dist/es/components/MotionConfig/index.mjs" was ignored.
node_modules/framer-motion/dist/es/motion/utils/use-visual-state.mjs (1:0): Module level directives cause errors when bundled, "use client" in "node_modules/framer-motion/dist/es/motion/utils/use-visual-state.mjs" was ignored.
node_modules/framer-motion/dist/es/utils/use-force-update.mjs (1:0): Module level directives cause errors when bundled, "use client" in "node_modules/framer-motion/dist/es/utils/use-force-update.mjs" was ignored.
node_modules/framer-motion/dist/es/utils/use-isomorphic-effect.mjs (1:0): Module level directives cause errors when bundled, "use client" in "node_modules/framer-motion/dist/es/utils/use-isomorphic-effect.mjs" was ignored.
node_modules/framer-motion/dist/es/utils/use-unmount-effect.mjs (1:0): Module level directives cause errors when bundled, "use client" in "node_modules/framer-motion/dist/es/utils/use-unmount-effect.mjs" was ignored.
node_modules/framer-motion/dist/es/render/dom/features-animation.mjs (1:0): Module level directives cause errors when bundled, "use client" in "node_modules/framer-motion/dist/es/render/dom/features-animation.mjs" was ignored.
node_modules/framer-motion/dist/es/render/dom/features-max.mjs (1:0): Module level directives cause errors when bundled, "use client" in "node_modules/framer-motion/dist/es/render/dom/features-max.mjs" was ignored.
node_modules/framer-motion/dist/es/render/dom/features-min.mjs (1:0): Module level directives cause errors when bundled, "use client" in "node_modules/framer-motion/dist/es/render/dom/features-min.mjs" was ignored.
node_modules/framer-motion/dist/es/utils/use-motion-value-event.mjs (1:0): Module level directives cause errors when bundled, "use client" in "node_modules/framer-motion/dist/es/utils/use-motion-value-event.mjs" was ignored.
node_modules/framer-motion/dist/es/value/use-motion-template.mjs (1:0): Module level directives cause errors when bundled, "use client" in "node_modules/framer-motion/dist/es/value/use-motion-template.mjs" was ignored.
node_modules/framer-motion/dist/es/value/use-motion-value.mjs (1:0): Module level directives cause errors when bundled, "use client" in "node_modules/framer-motion/dist/es/value/use-motion-value.mjs" was ignored.
node_modules/framer-motion/dist/es/value/use-scroll.mjs (1:0): Module level directives cause errors when bundled, "use client" in "node_modules/framer-motion/dist/es/value/use-scroll.mjs" was ignored.
node_modules/framer-motion/dist/es/value/use-follow-value.mjs (1:0): Module level directives cause errors when bundled, "use client" in "node_modules/framer-motion/dist/es/value/use-follow-value.mjs" was ignored.
node_modules/framer-motion/dist/es/value/use-spring.mjs (1:0): Module level directives cause errors when bundled, "use client" in "node_modules/framer-motion/dist/es/value/use-spring.mjs" was ignored.
node_modules/framer-motion/dist/es/value/use-time.mjs (1:0): Module level directives cause errors when bundled, "use client" in "node_modules/framer-motion/dist/es/value/use-time.mjs" was ignored.
node_modules/framer-motion/dist/es/value/use-transform.mjs (1:0): Module level directives cause errors when bundled, "use client" in "node_modules/framer-motion/dist/es/value/use-transform.mjs" was ignored.
node_modules/framer-motion/dist/es/value/use-velocity.mjs (1:0): Module level directives cause errors when bundled, "use client" in "node_modules/framer-motion/dist/es/value/use-velocity.mjs" was ignored.
node_modules/framer-motion/dist/es/value/use-will-change/index.mjs (1:0): Module level directives cause errors when bundled, "use client" in "node_modules/framer-motion/dist/es/value/use-will-change/index.mjs" was ignored.
node_modules/framer-motion/dist/es/utils/reduced-motion/use-reduced-motion-config.mjs (1:0): Module level directives cause errors when bundled, "use client" in "node_modules/framer-motion/dist/es/utils/reduced-motion/use-reduced-motion-config.mjs" was ignored.
node_modules/framer-motion/dist/es/animation/hooks/use-animate.mjs (1:0): Module level directives cause errors when bundled, "use client" in "node_modules/framer-motion/dist/es/animation/hooks/use-animate.mjs" was ignored.
node_modules/framer-motion/dist/es/animation/hooks/use-animate-style.mjs (1:0): Module level directives cause errors when bundled, "use client" in "node_modules/framer-motion/dist/es/animation/hooks/use-animate-style.mjs" was ignored.
node_modules/framer-motion/dist/es/animation/hooks/use-animation.mjs (1:0): Module level directives cause errors when bundled, "use client" in "node_modules/framer-motion/dist/es/animation/hooks/use-animation.mjs" was ignored.
node_modules/framer-motion/dist/es/components/AnimatePresence/use-presence.mjs (1:0): Module level directives cause errors when bundled, "use client" in "node_modules/framer-motion/dist/es/components/AnimatePresence/use-presence.mjs" was ignored.
node_modules/framer-motion/dist/es/components/AnimatePresence/use-presence-data.mjs (1:0): Module level directives cause errors when bundled, "use client" in "node_modules/framer-motion/dist/es/components/AnimatePresence/use-presence-data.mjs" was ignored.
node_modules/framer-motion/dist/es/events/use-dom-event.mjs (1:0): Module level directives cause errors when bundled, "use client" in "node_modules/framer-motion/dist/es/events/use-dom-event.mjs" was ignored.
node_modules/framer-motion/dist/es/utils/use-animation-frame.mjs (1:0): Module level directives cause errors when bundled, "use client" in "node_modules/framer-motion/dist/es/utils/use-animation-frame.mjs" was ignored.
node_modules/framer-motion/dist/es/utils/use-cycle.mjs (1:0): Module level directives cause errors when bundled, "use client" in "node_modules/framer-motion/dist/es/utils/use-cycle.mjs" was ignored.
node_modules/framer-motion/dist/es/utils/use-in-view.mjs (1:0): Module level directives cause errors when bundled, "use client" in "node_modules/framer-motion/dist/es/utils/use-in-view.mjs" was ignored.
node_modules/framer-motion/dist/es/utils/use-instant-transition.mjs (1:0): Module level directives cause errors when bundled, "use client" in "node_modules/framer-motion/dist/es/utils/use-instant-transition.mjs" was ignored.
node_modules/framer-motion/dist/es/utils/use-page-in-view.mjs (1:0): Module level directives cause errors when bundled, "use client" in "node_modules/framer-motion/dist/es/utils/use-page-in-view.mjs" was ignored.
node_modules/framer-motion/dist/es/context/LayoutGroupContext.mjs (1:0): Module level directives cause errors when bundled, "use client" in "node_modules/framer-motion/dist/es/context/LayoutGroupContext.mjs" was ignored.
node_modules/framer-motion/dist/es/context/MotionConfigContext.mjs (1:0): Module level directives cause errors when bundled, "use client" in "node_modules/framer-motion/dist/es/context/MotionConfigContext.mjs" was ignored.
node_modules/framer-motion/dist/es/context/MotionContext/index.mjs (1:0): Module level directives cause errors when bundled, "use client" in "node_modules/framer-motion/dist/es/context/MotionContext/index.mjs" was ignored.
node_modules/framer-motion/dist/es/context/PresenceContext.mjs (1:0): Module level directives cause errors when bundled, "use client" in "node_modules/framer-motion/dist/es/context/PresenceContext.mjs" was ignored.
node_modules/framer-motion/dist/es/context/SwitchLayoutGroupContext.mjs (1:0): Module level directives cause errors when bundled, "use client" in "node_modules/framer-motion/dist/es/context/SwitchLayoutGroupContext.mjs" was ignored.
node_modules/framer-motion/dist/es/animation/hooks/use-animated-state.mjs (1:0): Module level directives cause errors when bundled, "use client" in "node_modules/framer-motion/dist/es/animation/hooks/use-animated-state.mjs" was ignored.
node_modules/framer-motion/dist/es/components/AnimateSharedLayout.mjs (1:0): Module level directives cause errors when bundled, "use client" in "node_modules/framer-motion/dist/es/components/AnimateSharedLayout.mjs" was ignored.
node_modules/framer-motion/dist/es/context/DeprecatedLayoutGroupContext.mjs (1:0): Module level directives cause errors when bundled, "use client" in "node_modules/framer-motion/dist/es/context/DeprecatedLayoutGroupContext.mjs" was ignored.
node_modules/framer-motion/dist/es/value/use-inverted-scale.mjs (1:0): Module level directives cause errors when bundled, "use client" in "node_modules/framer-motion/dist/es/value/use-inverted-scale.mjs" was ignored.
node_modules/framer-motion/dist/es/utils/reduced-motion/use-reduced-motion.mjs (1:0): Module level directives cause errors when bundled, "use client" in "node_modules/framer-motion/dist/es/utils/reduced-motion/use-reduced-motion.mjs" was ignored.
node_modules/framer-motion/dist/es/components/AnimatePresence/index.mjs (1:0): Module level directives cause errors when bundled, "use client" in "node_modules/framer-motion/dist/es/components/AnimatePresence/index.mjs" was ignored.
node_modules/framer-motion/dist/es/utils/use-constant.mjs (1:0): Module level directives cause errors when bundled, "use client" in "node_modules/framer-motion/dist/es/utils/use-constant.mjs" was ignored.
node_modules/framer-motion/dist/es/context/LazyContext.mjs (1:0): Module level directives cause errors when bundled, "use client" in "node_modules/framer-motion/dist/es/context/LazyContext.mjs" was ignored.
node_modules/framer-motion/dist/es/utils/use-is-mounted.mjs (1:0): Module level directives cause errors when bundled, "use client" in "node_modules/framer-motion/dist/es/utils/use-is-mounted.mjs" was ignored.
node_modules/framer-motion/dist/es/value/use-combine-values.mjs (1:0): Module level directives cause errors when bundled, "use client" in "node_modules/framer-motion/dist/es/value/use-combine-values.mjs" was ignored.
node_modules/framer-motion/dist/es/value/use-computed.mjs (1:0): Module level directives cause errors when bundled, "use client" in "node_modules/framer-motion/dist/es/value/use-computed.mjs" was ignored.
node_modules/framer-motion/dist/es/components/Reorder/Group.mjs (1:0): Module level directives cause errors when bundled, "use client" in "node_modules/framer-motion/dist/es/components/Reorder/Group.mjs" was ignored.
node_modules/framer-motion/dist/es/components/Reorder/Item.mjs (1:0): Module level directives cause errors when bundled, "use client" in "node_modules/framer-motion/dist/es/components/Reorder/Item.mjs" was ignored.
node_modules/framer-motion/dist/es/motion/features/layout/MeasureLayout.mjs (1:0): Module level directives cause errors when bundled, "use client" in "node_modules/framer-motion/dist/es/motion/features/layout/MeasureLayout.mjs" was ignored.
node_modules/framer-motion/dist/es/context/ReorderContext.mjs (1:0): Module level directives cause errors when bundled, "use client" in "node_modules/framer-motion/dist/es/context/ReorderContext.mjs" was ignored.
node_modules/framer-motion/dist/es/motion/index.mjs (1:0): Module level directives cause errors when bundled, "use client" in "node_modules/framer-motion/dist/es/motion/index.mjs" was ignored.
node_modules/framer-motion/dist/es/context/MotionContext/create.mjs (1:0): Module level directives cause errors when bundled, "use client" in "node_modules/framer-motion/dist/es/context/MotionContext/create.mjs" was ignored.
node_modules/framer-motion/dist/es/render/dom/use-render.mjs (1:0): Module level directives cause errors when bundled, "use client" in "node_modules/framer-motion/dist/es/render/dom/use-render.mjs" was ignored.
node_modules/framer-motion/dist/es/render/svg/use-svg-visual-state.mjs (1:0): Module level directives cause errors when bundled, "use client" in "node_modules/framer-motion/dist/es/render/svg/use-svg-visual-state.mjs" was ignored.
node_modules/framer-motion/dist/es/render/html/use-html-visual-state.mjs (1:0): Module level directives cause errors when bundled, "use client" in "node_modules/framer-motion/dist/es/render/html/use-html-visual-state.mjs" was ignored.
node_modules/framer-motion/dist/es/motion/utils/use-motion-ref.mjs (1:0): Module level directives cause errors when bundled, "use client" in "node_modules/framer-motion/dist/es/motion/utils/use-motion-ref.mjs" was ignored.
node_modules/framer-motion/dist/es/motion/utils/use-visual-element.mjs (1:0): Module level directives cause errors when bundled, "use client" in "node_modules/framer-motion/dist/es/motion/utils/use-visual-element.mjs" was ignored.
node_modules/framer-motion/dist/es/render/html/use-props.mjs (1:0): Module level directives cause errors when bundled, "use client" in "node_modules/framer-motion/dist/es/render/html/use-props.mjs" was ignored.
node_modules/framer-motion/dist/es/render/svg/use-props.mjs (1:0): Module level directives cause errors when bundled, "use client" in "node_modules/framer-motion/dist/es/render/svg/use-props.mjs" was ignored.
✓ 2072 modules transformed.
rendering chunks...
computing gzip size...
dist/index.html                   0.41 kB │ gzip:   0.28 kB
dist/assets/index-C-8Rv5YB.css   21.30 kB │ gzip:   5.86 kB
dist/assets/index-bftu8JHQ.js   332.98 kB │ gzip: 105.79 kB
✓ built in 3.73s
Añadiendo cambios al índice...
